AH00558: httpd: Could not reliably determine the server's fully qualified domain name, using 172.25.0.4. Set the 'ServerName' directive globally to suppress this message
[Sat Jun 19 03:44:31.300780 2021] [mpm_event:notice] [pid 1:tid 140644087252864] AH00489: Apache/2.4.20 (Unix) configured -- resuming normal operations
[Sat Jun 19 03:44:31.301310 2021] [mpm_event:info] [pid 1:tid 140644087252864] AH00490: Server built: Jun  7 2016 17:55:26
[Sat Jun 19 03:44:31.301390 2021] [core:notice] [pid 1:tid 140644087252864] AH00094: Command line: 'httpd -D FOREGROUND'
[Sat Jun 19 03:55:20.241497 2021] [core:info] [pid 1:tid 140644087252864] AH00096: removed PID file /usr/local/apache2/logs/httpd.pid (pid=1)
[Sat Jun 19 03:55:20.241703 2021] [mpm_event:notice] [pid 1:tid 140644087252864] AH00491: caught SIGTERM, shutting down
AH00558: httpd: Could not reliably determine the server's fully qualified domain name, using 172.26.0.2. Set the 'ServerName' directive globally to suppress this message
[Mon Jun 21 01:31:51.755764 2021] [mpm_event:notice] [pid 1:tid 140360469735296] AH00489: Apache/2.4.20 (Unix) configured -- resuming normal operations
[Mon Jun 21 01:31:51.756140 2021] [mpm_event:info] [pid 1:tid 140360469735296] AH00490: Server built: Jun  7 2016 17:55:26
[Mon Jun 21 01:31:51.756180 2021] [core:notice] [pid 1:tid 140360469735296] AH00094: Command line: 'httpd -D FOREGROUND'
[Mon Jun 21 01:33:31.071600 2021] [core:info] [pid 1:tid 140360469735296] AH00096: removed PID file /usr/local/apache2/logs/httpd.pid (pid=1)
[Mon Jun 21 01:33:31.071706 2021] [mpm_event:notice] [pid 1:tid 140360469735296] AH00491: caught SIGTERM, shutting down
AH00558: httpd: Could not reliably determine the server's fully qualified domain name, using 172.26.0.4. Set the 'ServerName' directive globally to suppress this message
[Mon Jun 21 01:40:53.494616 2021] [mpm_event:notice] [pid 1:tid 139954175575936] AH00489: Apache/2.4.20 (Unix) configured -- resuming normal operations
[Mon Jun 21 01:40:53.494882 2021] [mpm_event:info] [pid 1:tid 139954175575936] AH00490: Server built: Jun  7 2016 17:55:26
[Mon Jun 21 01:40:53.494933 2021] [core:notice] [pid 1:tid 139954175575936] AH00094: Command line: 'httpd -D FOREGROUND'
[Mon Jun 21 01:41:15.072278 2021] [core:info] [pid 1:tid 139954175575936] AH00096: removed PID file /usr/local/apache2/logs/httpd.pid (pid=1)
[Mon Jun 21 01:41:15.072422 2021] [mpm_event:notice] [pid 1:tid 139954175575936] AH00491: caught SIGTERM, shutting down
AH00558: httpd: Could not reliably determine the server's fully qualified domain name, using 172.26.0.2. Set the 'ServerName' directive globally to suppress this message
[Mon Jun 21 01:58:25.934064 2021] [mpm_event:notice] [pid 1:tid 139895040767872] AH00489: Apache/2.4.20 (Unix) configured -- resuming normal operations
[Mon Jun 21 01:58:25.935498 2021] [mpm_event:info] [pid 1:tid 139895040767872] AH00490: Server built: Jun  7 2016 17:55:26
[Mon Jun 21 01:58:25.935586 2021] [core:notice] [pid 1:tid 139895040767872] AH00094: Command line: 'httpd -D FOREGROUND'
[Mon Jun 21 02:00:22.756617 2021] [core:info] [pid 1:tid 139895040767872] AH00096: removed PID file /usr/local/apache2/logs/httpd.pid (pid=1)
[Mon Jun 21 02:00:22.756675 2021] [mpm_event:notice] [pid 1:tid 139895040767872] AH00491: caught SIGTERM, shutting down
AH00558: httpd: Could not reliably determine the server's fully qualified domain name, using 172.26.0.4. Set the 'ServerName' directive globally to suppress this message
[Mon Jun 21 02:02:11.964173 2021] [mpm_event:notice] [pid 1:tid 139904312301440] AH00489: Apache/2.4.20 (Unix) configured -- resuming normal operations
[Mon Jun 21 02:02:11.964565 2021] [mpm_event:info] [pid 1:tid 139904312301440] AH00490: Server built: Jun  7 2016 17:55:26
[Mon Jun 21 02:02:11.964605 2021] [core:notice] [pid 1:tid 139904312301440] AH00094: Command line: 'httpd -D FOREGROUND'
[Mon Jun 21 02:34:49.652080 2021] [core:info] [pid 1:tid 139904312301440] AH00096: removed PID file /usr/local/apache2/logs/httpd.pid (pid=1)
[Mon Jun 21 02:34:49.652266 2021] [mpm_event:notice] [pid 1:tid 139904312301440] AH00491: caught SIGTERM, shutting down
AH00558: httpd: Could not reliably determine the server's fully qualified domain name, using 172.26.0.2. Set the 'ServerName' directive globally to suppress this message
[Mon Jun 21 02:35:12.947553 2021] [mpm_event:notice] [pid 1:tid 140000234309504] AH00489: Apache/2.4.20 (Unix) configured -- resuming normal operations
[Mon Jun 21 02:35:12.947947 2021] [mpm_event:info] [pid 1:tid 140000234309504] AH00490: Server built: Jun  7 2016 17:55:26
[Mon Jun 21 02:35:12.947983 2021] [core:notice] [pid 1:tid 140000234309504] AH00094: Command line: 'httpd -D FOREGROUND'
[Mon Jun 21 03:00:22.574808 2021] [core:info] [pid 1:tid 140000234309504] AH00096: removed PID file /usr/local/apache2/logs/httpd.pid (pid=1)
[Mon Jun 21 03:00:22.574939 2021] [mpm_event:notice] [pid 1:tid 140000234309504] AH00491: caught SIGTERM, shutting down
AH00558: httpd: Could not reliably determine the server's fully qualified domain name, using 172.26.0.3. Set the 'ServerName' directive globally to suppress this message
[Mon Jun 21 03:02:45.417607 2021] [mpm_event:notice] [pid 1:tid 140223021320064] AH00489: Apache/2.4.20 (Unix) configured -- resuming normal operations
[Mon Jun 21 03:02:45.418041 2021] [mpm_event:info] [pid 1:tid 140223021320064] AH00490: Server built: Jun  7 2016 17:55:26
[Mon Jun 21 03:02:45.418081 2021] [core:notice] [pid 1:tid 140223021320064] AH00094: Command line: 'httpd -D FOREGROUND'
